8:23:16 PM  [main] 	Initializing Control Panel
8:23:16 PM  [main] 	Windows Version:  Home  64-bit
8:23:16 PM  [main] 	XAMPP Version: 7.1.32
8:23:16 PM  [main] 	Control Panel Version: 3.2.4  [ Compiled: Jun 5th 2019 ]
8:23:16 PM  [main] 	You are not running with administrator rights! This will work for
8:23:16 PM  [main] 	most application stuff but whenever you do something with services
8:23:16 PM  [main] 	there will be a security dialogue or things will break! So think 
8:23:16 PM  [main] 	about running this application with administrator rights!
8:23:16 PM  [main] 	XAMPP Installation Directory: "c:\xampp\"
8:23:16 PM  [main] 	Checking for prerequisites
8:23:20 PM  [main] 	All prerequisites found
8:23:20 PM  [main] 	Initializing Modules
8:23:20 PM  [main] 	Starting Check-Timer
8:23:20 PM  [main] 	Control Panel Ready
8:23:24 PM  [Apache] 	Attempting to start Apache app...
8:23:25 PM  [Apache] 	Status change detected: running
8:23:26 PM  [mysql] 	Attempting to start MySQL app...
8:23:26 PM  [mysql] 	Status change detected: running
8:23:47 PM  [Apache] 	Attempting to stop Apache (PID: 5884)
8:23:47 PM  [Apache] 	Attempting to stop Apache (PID: 12952)
8:23:47 PM  [Apache] 	Status change detected: stopped
8:23:49 PM  [mysql] 	Attempting to stop MySQL app...
8:23:49 PM  [mysql] 	Status change detected: stopped
8:23:55 PM  [Apache] 	Attempting to start Apache app...
8:23:56 PM  [Apache] 	Status change detected: running
8:23:56 PM  [mysql] 	Attempting to start MySQL app...
8:23:57 PM  [mysql] 	Status change detected: running
8:23:57 PM  [Apache] 	Attempting to stop Apache (PID: 13132)
8:23:57 PM  [Apache] 	Attempting to stop Apache (PID: 9332)
8:23:58 PM  [Apache] 	Status change detected: stopped
8:23:58 PM  [mysql] 	Attempting to stop MySQL app...
8:23:58 PM  [mysql] 	Status change detected: stopped
8:24:52 PM  [Apache] 	Status change detected: running
8:24:54 PM  [mysql] 	Status change detected: running
8:25:49 PM  [Apache] 	Status change detected: stopped
8:25:50 PM  [mysql] 	Status change detected: stopped
11:32:00 PM  [main] 	Deinitializing Modules
11:32:00 PM  [main] 	Deinitializing Control Panel

8:24:49 PM  [main] 	Initializing Control Panel
8:24:49 PM  [main] 	Windows Version:  Home  64-bit
8:24:49 PM  [main] 	XAMPP Version: 7.1.32
8:24:49 PM  [main] 	Control Panel Version: 3.2.4  [ Compiled: Jun 5th 2019 ]
8:24:49 PM  [main] 	You are not running with administrator rights! This will work for
8:24:49 PM  [main] 	most application stuff but whenever you do something with services
8:24:49 PM  [main] 	there will be a security dialogue or things will break! So think 
8:24:49 PM  [main] 	about running this application with administrator rights!
8:24:49 PM  [main] 	XAMPP Installation Directory: "c:\xampp\"
8:24:49 PM  [main] 	Checking for prerequisites
8:24:49 PM  [main] 	All prerequisites found
8:24:49 PM  [main] 	Initializing Modules
8:24:49 PM  [main] 	Starting Check-Timer
8:24:49 PM  [main] 	Control Panel Ready
8:24:52 PM  [Apache] 	Attempting to start Apache app...
8:24:53 PM  [Apache] 	Status change detected: running
8:24:53 PM  [mysql] 	Attempting to start MySQL app...
8:24:54 PM  [mysql] 	Status change detected: running
8:25:49 PM  [Apache] 	Status change detected: stopped
8:25:49 PM  [Apache] 	Error: Apache shutdown unexpectedly.
8:25:49 PM  [Apache] 	This may be due to a blocked port, missing dependencies, 
8:25:49 PM  [Apache] 	improper privileges, a crash, or a shutdown by another method.
8:25:49 PM  [Apache] 	Press the Logs button to view error logs and check
8:25:49 PM  [Apache] 	the Windows Event Viewer for more clues
8:25:49 PM  [Apache] 	If you need more help, copy and post this
8:25:49 PM  [Apache] 	entire log window on the forums
8:25:50 PM  [mysql] 	Status change detected: stopped
8:25:50 PM  [mysql] 	Error: MySQL shutdown unexpectedly.
8:25:50 PM  [mysql] 	This may be due to a blocked port, missing dependencies, 
8:25:50 PM  [mysql] 	improper privileges, a crash, or a shutdown by another method.
8:25:50 PM  [mysql] 	Press the Logs button to view error logs and check
8:25:50 PM  [mysql] 	the Windows Event Viewer for more clues
8:25:50 PM  [mysql] 	If you need more help, copy and post this
8:25:50 PM  [mysql] 	entire log window on the forums
11:32:00 PM  [main] 	Deinitializing Modules
11:32:00 PM  [main] 	Deinitializing Control Panel

8:47:34 AM  [main] 	Initializing Control Panel
8:47:34 AM  [main] 	Windows Version:  Home  64-bit
8:47:34 AM  [main] 	XAMPP Version: 7.1.32
8:47:34 AM  [main] 	Control Panel Version: 3.2.4  [ Compiled: Jun 5th 2019 ]
8:47:34 AM  [main] 	You are not running with administrator rights! This will work for
8:47:34 AM  [main] 	most application stuff but whenever you do something with services
8:47:34 AM  [main] 	there will be a security dialogue or things will break! So think 
8:47:34 AM  [main] 	about running this application with administrator rights!
8:47:34 AM  [main] 	XAMPP Installation Directory: "c:\xampp\"
8:47:34 AM  [main] 	Checking for prerequisites
8:47:39 AM  [main] 	All prerequisites found
8:47:39 AM  [main] 	Initializing Modules
8:47:39 AM  [main] 	Starting Check-Timer
8:47:39 AM  [main] 	Control Panel Ready
8:47:43 AM  [Apache] 	Attempting to start Apache app...
8:47:43 AM  [Apache] 	Status change detected: running
8:47:44 AM  [mysql] 	Attempting to start MySQL app...
8:47:44 AM  [mysql] 	Status change detected: running
10:35:55 AM  [main] 	Executing "c:\xampp\mysql"
12:15:54 PM  [main] 	Deinitializing Modules
12:15:54 PM  [main] 	Deinitializing Control Panel

8:44:15 AM  [main] 	Initializing Control Panel
8:44:15 AM  [main] 	Windows Version:  Home  64-bit
8:44:15 AM  [main] 	XAMPP Version: 7.1.32
8:44:15 AM  [main] 	Control Panel Version: 3.2.4  [ Compiled: Jun 5th 2019 ]
8:44:15 AM  [main] 	You are not running with administrator rights! This will work for
8:44:15 AM  [main] 	most application stuff but whenever you do something with services
8:44:15 AM  [main] 	there will be a security dialogue or things will break! So think 
8:44:15 AM  [main] 	about running this application with administrator rights!
8:44:15 AM  [main] 	XAMPP Installation Directory: "c:\xampp\"
8:44:15 AM  [main] 	Checking for prerequisites
8:44:18 AM  [main] 	All prerequisites found
8:44:18 AM  [main] 	Initializing Modules
8:44:18 AM  [main] 	Starting Check-Timer
8:44:18 AM  [main] 	Control Panel Ready
8:44:19 AM  [Apache] 	Attempting to start Apache app...
8:44:20 AM  [Apache] 	Status change detected: running
8:44:20 AM  [mysql] 	Attempting to start MySQL app...
8:44:21 AM  [mysql] 	Status change detected: running
11:32:59 AM  [main] 	Deinitializing Modules
11:32:59 AM  [main] 	Deinitializing Control Panel

12:11:21 PM  [main] 	Initializing Control Panel
12:11:21 PM  [main] 	Windows Version:  Home  64-bit
12:11:21 PM  [main] 	XAMPP Version: 7.1.32
12:11:21 PM  [main] 	Control Panel Version: 3.2.4  [ Compiled: Jun 5th 2019 ]
12:11:21 PM  [main] 	You are not running with administrator rights! This will work for
12:11:21 PM  [main] 	most application stuff but whenever you do something with services
12:11:21 PM  [main] 	there will be a security dialogue or things will break! So think 
12:11:21 PM  [main] 	about running this application with administrator rights!
12:11:21 PM  [main] 	XAMPP Installation Directory: "c:\xampp\"
12:11:21 PM  [main] 	Checking for prerequisites
12:11:23 PM  [main] 	All prerequisites found
12:11:23 PM  [main] 	Initializing Modules
12:11:23 PM  [main] 	Starting Check-Timer
12:11:23 PM  [main] 	Control Panel Ready
12:11:25 PM  [Apache] 	Attempting to start Apache app...
12:11:25 PM  [Apache] 	Status change detected: running
12:11:26 PM  [mysql] 	Attempting to start MySQL app...
12:11:26 PM  [mysql] 	Status change detected: running
12:15:09 PM  [main] 	Deinitializing Modules
12:15:09 PM  [main] 	Deinitializing Control Panel

1:03:09 PM  [main] 	Initializing Control Panel
1:03:09 PM  [main] 	Windows Version:  Home  64-bit
1:03:09 PM  [main] 	XAMPP Version: 7.1.32
1:03:09 PM  [main] 	Control Panel Version: 3.2.4  [ Compiled: Jun 5th 2019 ]
1:03:09 PM  [main] 	You are not running with administrator rights! This will work for
1:03:09 PM  [main] 	most application stuff but whenever you do something with services
1:03:09 PM  [main] 	there will be a security dialogue or things will break! So think 
1:03:09 PM  [main] 	about running this application with administrator rights!
1:03:09 PM  [main] 	XAMPP Installation Directory: "c:\xampp\"
1:03:09 PM  [main] 	Checking for prerequisites
1:03:14 PM  [main] 	All prerequisites found
1:03:14 PM  [main] 	Initializing Modules
1:03:14 PM  [main] 	Starting Check-Timer
1:03:14 PM  [main] 	Control Panel Ready
1:03:16 PM  [Apache] 	Attempting to start Apache app...
1:03:17 PM  [Apache] 	Status change detected: running
1:03:17 PM  [mysql] 	Attempting to start MySQL app...
1:03:17 PM  [mysql] 	Status change detected: running
3:26:39 PM  [main] 	Deinitializing Modules
3:26:39 PM  [main] 	Deinitializing Control Panel

8:43:12 PM  [main] 	Initializing Control Panel
8:43:12 PM  [main] 	Windows Version:  Home  64-bit
8:43:12 PM  [main] 	XAMPP Version: 7.1.32
8:43:12 PM  [main] 	Control Panel Version: 3.2.4  [ Compiled: Jun 5th 2019 ]
8:43:12 PM  [main] 	You are not running with administrator rights! This will work for
8:43:12 PM  [main] 	most application stuff but whenever you do something with services
8:43:12 PM  [main] 	there will be a security dialogue or things will break! So think 
8:43:12 PM  [main] 	about running this application with administrator rights!
8:43:12 PM  [main] 	XAMPP Installation Directory: "c:\xampp\"
8:43:12 PM  [main] 	Checking for prerequisites
8:43:15 PM  [main] 	All prerequisites found
8:43:15 PM  [main] 	Initializing Modules
8:43:15 PM  [main] 	Starting Check-Timer
8:43:15 PM  [main] 	Control Panel Ready
8:43:17 PM  [Apache] 	Attempting to start Apache app...
8:43:17 PM  [Apache] 	Status change detected: running
8:43:18 PM  [mysql] 	Attempting to start MySQL app...
8:43:18 PM  [mysql] 	Status change detected: running
11:11:28 PM  [mysql] 	Status change detected: stopped
11:11:28 PM  [mysql] 	Error: MySQL shutdown unexpectedly.
11:11:28 PM  [mysql] 	This may be due to a blocked port, missing dependencies, 
11:11:28 PM  [mysql] 	improper privileges, a crash, or a shutdown by another method.
11:11:28 PM  [mysql] 	Press the Logs button to view error logs and check
11:11:28 PM  [mysql] 	the Windows Event Viewer for more clues
11:11:28 PM  [mysql] 	If you need more help, copy and post this
11:11:28 PM  [mysql] 	entire log window on the forums
11:11:28 PM  [main] 	Deinitializing Modules
11:11:28 PM  [main] 	Deinitializing Control Panel

8:35:12 PM  [main] 	Initializing Control Panel
8:35:12 PM  [main] 	Windows Version:  Home  64-bit
8:35:12 PM  [main] 	XAMPP Version: 7.1.32
8:35:12 PM  [main] 	Control Panel Version: 3.2.4  [ Compiled: Jun 5th 2019 ]
8:35:12 PM  [main] 	You are not running with administrator rights! This will work for
8:35:12 PM  [main] 	most application stuff but whenever you do something with services
8:35:12 PM  [main] 	there will be a security dialogue or things will break! So think 
8:35:12 PM  [main] 	about running this application with administrator rights!
8:35:12 PM  [main] 	XAMPP Installation Directory: "c:\xampp\"
8:35:12 PM  [main] 	Checking for prerequisites
8:35:15 PM  [main] 	All prerequisites found
8:35:15 PM  [main] 	Initializing Modules
8:35:15 PM  [main] 	Starting Check-Timer
8:35:15 PM  [main] 	Control Panel Ready
8:35:18 PM  [Apache] 	Attempting to start Apache app...
8:35:18 PM  [Apache] 	Status change detected: running
8:35:18 PM  [mysql] 	Attempting to start MySQL app...
8:35:18 PM  [mysql] 	Status change detected: running
10:34:25 PM  [mysql] 	Status change detected: stopped
10:34:25 PM  [mysql] 	Error: MySQL shutdown unexpectedly.
10:34:25 PM  [mysql] 	This may be due to a blocked port, missing dependencies, 
10:34:25 PM  [mysql] 	improper privileges, a crash, or a shutdown by another method.
10:34:25 PM  [mysql] 	Press the Logs button to view error logs and check
10:34:25 PM  [mysql] 	the Windows Event Viewer for more clues
10:34:25 PM  [mysql] 	If you need more help, copy and post this
10:34:25 PM  [mysql] 	entire log window on the forums
10:34:25 PM  [main] 	Deinitializing Modules
10:34:25 PM  [main] 	Deinitializing Control Panel

10:52:55 PM  [main] 	Initializing Control Panel
10:52:55 PM  [main] 	Windows Version:  Home  64-bit
10:52:55 PM  [main] 	XAMPP Version: 7.1.32
10:52:55 PM  [main] 	Control Panel Version: 3.2.4  [ Compiled: Jun 5th 2019 ]
10:52:55 PM  [main] 	You are not running with administrator rights! This will work for
10:52:55 PM  [main] 	most application stuff but whenever you do something with services
10:52:55 PM  [main] 	there will be a security dialogue or things will break! So think 
10:52:55 PM  [main] 	about running this application with administrator rights!
10:52:55 PM  [main] 	XAMPP Installation Directory: "c:\xampp\"
10:52:55 PM  [main] 	Checking for prerequisites
10:52:57 PM  [main] 	All prerequisites found
10:52:57 PM  [main] 	Initializing Modules
10:52:57 PM  [main] 	Starting Check-Timer
10:52:57 PM  [main] 	Control Panel Ready
10:53:16 PM  [Apache] 	Attempting to start Apache app...
10:53:16 PM  [Apache] 	Status change detected: running
10:53:17 PM  [mysql] 	Attempting to start MySQL app...
10:53:17 PM  [mysql] 	Status change detected: running
11:59:51 PM  [main] 	Deinitializing Modules
11:59:51 PM  [main] 	Deinitializing Control Panel

