InnoDB: using atomic writes.
2019-10-09 20:23:26 0 [Note] InnoDB: Mutexes and rw_locks use Windows interlocked functions
2019-10-09 20:23:26 0 [Note] InnoDB: Uses event mutexes
2019-10-09 20:23:26 0 [Note] InnoDB: Compressed tables use zlib 1.2.11
2019-10-09 20:23:26 0 [Note] InnoDB: Number of pools: 1
2019-10-09 20:23:26 0 [Note] InnoDB: Using SSE2 crc32 instructions
2019-10-09 20:23:26 0 [Note] InnoDB: Initializing buffer pool, total size = 16M, instances = 1, chunk size = 16M
2019-10-09 20:23:26 0 [Note] InnoDB: Completed initialization of buffer pool
2019-10-09 20:23:26 0 [Note] InnoDB: 128 out of 128 rollback segments are active.
2019-10-09 20:23:26 0 [Note] InnoDB: Creating shared tablespace for temporary tables
2019-10-09 20:23:26 0 [Note] InnoDB: Setting file 'C:\xampp\mysql\data\ibtmp1' size to 12 MB. Physically writing the file full; Please wait ...
2019-10-09 20:23:26 0 [Note] InnoDB: File 'C:\xampp\mysql\data\ibtmp1' size is now 12 MB.
2019-10-09 20:23:26 0 [Note] InnoDB: Waiting for purge to start
2019-10-09 20:23:26 0 [Note] InnoDB: 10.4.6 started; log sequence number 294606; transaction id 138
2019-10-09 20:23:26 0 [Note] InnoDB: Loading buffer pool(s) from C:\xampp\mysql\data\ib_buffer_pool
2019-10-09 20:23:26 0 [Note] Plugin 'FEEDBACK' is disabled.
2019-10-09 20:23:26 0 [Note] Server socket created on IP: '::'.
InnoDB: using atomic writes.
2019-10-09 20:23:57 0 [Note] InnoDB: Mutexes and rw_locks use Windows interlocked functions
2019-10-09 20:23:57 0 [Note] InnoDB: Uses event mutexes
2019-10-09 20:23:57 0 [Note] InnoDB: Compressed tables use zlib 1.2.11
2019-10-09 20:23:57 0 [Note] InnoDB: Number of pools: 1
2019-10-09 20:23:57 0 [Note] InnoDB: Using SSE2 crc32 instructions
2019-10-09 20:23:57 0 [Note] InnoDB: Initializing buffer pool, total size = 16M, instances = 1, chunk size = 16M
2019-10-09 20:23:57 0 [Note] InnoDB: Completed initialization of buffer pool
2019-10-09 20:23:57 0 [Note] InnoDB: Starting crash recovery from checkpoint LSN=294606
2019-10-09 20:23:57 0 [Note] InnoDB: 128 out of 128 rollback segments are active.
2019-10-09 20:23:57 0 [Note] InnoDB: Removed temporary tablespace data file: "ibtmp1"
2019-10-09 20:23:57 0 [Note] InnoDB: Creating shared tablespace for temporary tables
2019-10-09 20:23:57 0 [Note] InnoDB: Setting file 'C:\xampp\mysql\data\ibtmp1' size to 12 MB. Physically writing the file full; Please wait ...
2019-10-09 20:23:57 0 [Note] InnoDB: File 'C:\xampp\mysql\data\ibtmp1' size is now 12 MB.
2019-10-09 20:23:57 0 [Note] InnoDB: Waiting for purge to start
2019-10-09 20:23:57 0 [Note] InnoDB: 10.4.6 started; log sequence number 294615; transaction id 138
2019-10-09 20:23:57 0 [Note] InnoDB: Loading buffer pool(s) from C:\xampp\mysql\data\ib_buffer_pool
2019-10-09 20:23:57 0 [Note] Plugin 'FEEDBACK' is disabled.
2019-10-09 20:23:57 0 [Note] Server socket created on IP: '::'.
InnoDB: using atomic writes.
2019-10-09 20:24:53 0 [Note] InnoDB: Mutexes and rw_locks use Windows interlocked functions
2019-10-09 20:24:53 0 [Note] InnoDB: Uses event mutexes
2019-10-09 20:24:53 0 [Note] InnoDB: Compressed tables use zlib 1.2.11
2019-10-09 20:24:53 0 [Note] InnoDB: Number of pools: 1
2019-10-09 20:24:53 0 [Note] InnoDB: Using SSE2 crc32 instructions
2019-10-09 20:24:53 0 [Note] InnoDB: Initializing buffer pool, total size = 16M, instances = 1, chunk size = 16M
2019-10-09 20:24:53 0 [Note] InnoDB: Completed initialization of buffer pool
2019-10-09 20:24:53 0 [Note] InnoDB: Starting crash recovery from checkpoint LSN=294624
2019-10-09 20:24:54 0 [Note] InnoDB: 128 out of 128 rollback segments are active.
2019-10-09 20:24:54 0 [Note] InnoDB: Removed temporary tablespace data file: "ibtmp1"
2019-10-09 20:24:54 0 [Note] InnoDB: Creating shared tablespace for temporary tables
2019-10-09 20:24:54 0 [Note] InnoDB: Setting file 'C:\xampp\mysql\data\ibtmp1' size to 12 MB. Physically writing the file full; Please wait ...
2019-10-09 20:24:54 0 [Note] InnoDB: File 'C:\xampp\mysql\data\ibtmp1' size is now 12 MB.
2019-10-09 20:24:54 0 [Note] InnoDB: Waiting for purge to start
2019-10-09 20:24:54 0 [Note] InnoDB: 10.4.6 started; log sequence number 294633; transaction id 138
2019-10-09 20:24:54 0 [Note] InnoDB: Loading buffer pool(s) from C:\xampp\mysql\data\ib_buffer_pool
2019-10-09 20:24:54 0 [Note] Plugin 'FEEDBACK' is disabled.
2019-10-09 20:24:54 0 [Note] Server socket created on IP: '::'.
InnoDB: using atomic writes.
2019-10-09 20:25:09 0 [ERROR] InnoDB: The innodb_system data file 'ibdata1' must be writable
2019-10-09 20:25:09 0 [ERROR] InnoDB: The innodb_system data file 'ibdata1' must be writable
2019-10-09 20:25:09 0 [ERROR] Plugin 'InnoDB' init function returned error.
2019-10-09 20:25:09 0 [ERROR] Plugin 'InnoDB' registration as a STORAGE ENGINE failed.
2019-10-09 20:25:09 0 [Note] Plugin 'FEEDBACK' is disabled.
2019-10-09 20:25:09 0 [ERROR] Unknown/unsupported storage engine: InnoDB
2019-10-09 20:25:09 0 [ERROR] Aborting
InnoDB: using atomic writes.
2019-10-09 20:25:27 0 [ERROR] InnoDB: The innodb_system data file 'ibdata1' must be writable
2019-10-09 20:25:27 0 [ERROR] InnoDB: The innodb_system data file 'ibdata1' must be writable
2019-10-09 20:25:27 0 [ERROR] Plugin 'InnoDB' init function returned error.
2019-10-09 20:25:27 0 [ERROR] Plugin 'InnoDB' registration as a STORAGE ENGINE failed.
2019-10-09 20:25:27 0 [Note] Plugin 'FEEDBACK' is disabled.
2019-10-09 20:25:27 0 [ERROR] Unknown/unsupported storage engine: InnoDB
2019-10-09 20:25:27 0 [ERROR] Aborting
InnoDB: using atomic writes.
2019-10-10  8:47:44 0 [Note] InnoDB: Mutexes and rw_locks use Windows interlocked functions
2019-10-10  8:47:44 0 [Note] InnoDB: Uses event mutexes
2019-10-10  8:47:44 0 [Note] InnoDB: Compressed tables use zlib 1.2.11
2019-10-10  8:47:44 0 [Note] InnoDB: Number of pools: 1
2019-10-10  8:47:44 0 [Note] InnoDB: Using SSE2 crc32 instructions
2019-10-10  8:47:44 0 [Note] InnoDB: Initializing buffer pool, total size = 16M, instances = 1, chunk size = 16M
2019-10-10  8:47:44 0 [Note] InnoDB: Completed initialization of buffer pool
2019-10-10  8:47:44 0 [Note] InnoDB: Starting crash recovery from checkpoint LSN=294642
2019-10-10  8:47:45 0 [Note] InnoDB: 128 out of 128 rollback segments are active.
2019-10-10  8:47:45 0 [Note] InnoDB: Removed temporary tablespace data file: "ibtmp1"
2019-10-10  8:47:45 0 [Note] InnoDB: Creating shared tablespace for temporary tables
2019-10-10  8:47:45 0 [Note] InnoDB: Setting file 'C:\xampp\mysql\data\ibtmp1' size to 12 MB. Physically writing the file full; Please wait ...
2019-10-10  8:47:45 0 [Note] InnoDB: File 'C:\xampp\mysql\data\ibtmp1' size is now 12 MB.
2019-10-10  8:47:45 0 [Note] InnoDB: Waiting for purge to start
2019-10-10  8:47:45 0 [Note] InnoDB: 10.4.6 started; log sequence number 294651; transaction id 138
2019-10-10  8:47:45 0 [Note] InnoDB: Loading buffer pool(s) from C:\xampp\mysql\data\ib_buffer_pool
2019-10-10  8:47:45 0 [Note] Plugin 'FEEDBACK' is disabled.
2019-10-10  8:47:45 0 [Note] Server socket created on IP: '::'.
InnoDB: using atomic writes.
2019-10-11  8:44:21 0 [Note] InnoDB: Mutexes and rw_locks use Windows interlocked functions
2019-10-11  8:44:21 0 [Note] InnoDB: Uses event mutexes
2019-10-11  8:44:21 0 [Note] InnoDB: Compressed tables use zlib 1.2.11
2019-10-11  8:44:21 0 [Note] InnoDB: Number of pools: 1
2019-10-11  8:44:21 0 [Note] InnoDB: Using SSE2 crc32 instructions
2019-10-11  8:44:21 0 [Note] InnoDB: Initializing buffer pool, total size = 16M, instances = 1, chunk size = 16M
2019-10-11  8:44:21 0 [Note] InnoDB: Completed initialization of buffer pool
2019-10-11  8:44:21 0 [Note] InnoDB: Starting crash recovery from checkpoint LSN=1637710
2019-10-11  8:44:22 0 [Note] InnoDB: 128 out of 128 rollback segments are active.
2019-10-11  8:44:22 0 [Note] InnoDB: Removed temporary tablespace data file: "ibtmp1"
2019-10-11  8:44:22 0 [Note] InnoDB: Creating shared tablespace for temporary tables
2019-10-11  8:44:22 0 [Note] InnoDB: Setting file 'C:\xampp\mysql\data\ibtmp1' size to 12 MB. Physically writing the file full; Please wait ...
2019-10-11  8:44:22 0 [Note] InnoDB: File 'C:\xampp\mysql\data\ibtmp1' size is now 12 MB.
2019-10-11  8:44:22 0 [Note] InnoDB: Waiting for purge to start
2019-10-11  8:44:22 0 [Note] InnoDB: 10.4.6 started; log sequence number 1637719; transaction id 851
2019-10-11  8:44:22 0 [Note] InnoDB: Loading buffer pool(s) from C:\xampp\mysql\data\ib_buffer_pool
2019-10-11  8:44:22 0 [Note] Plugin 'FEEDBACK' is disabled.
2019-10-11  8:44:22 0 [Note] Server socket created on IP: '::'.
InnoDB: using atomic writes.
2019-10-11 12:11:26 0 [Note] InnoDB: Mutexes and rw_locks use Windows interlocked functions
2019-10-11 12:11:26 0 [Note] InnoDB: Uses event mutexes
2019-10-11 12:11:26 0 [Note] InnoDB: Compressed tables use zlib 1.2.11
2019-10-11 12:11:26 0 [Note] InnoDB: Number of pools: 1
2019-10-11 12:11:26 0 [Note] InnoDB: Using SSE2 crc32 instructions
2019-10-11 12:11:26 0 [Note] InnoDB: Initializing buffer pool, total size = 16M, instances = 1, chunk size = 16M
2019-10-11 12:11:26 0 [Note] InnoDB: Completed initialization of buffer pool
2019-10-11 12:11:26 0 [Note] InnoDB: Starting crash recovery from checkpoint LSN=1729627
2019-10-11 12:11:27 0 [Note] InnoDB: 128 out of 128 rollback segments are active.
2019-10-11 12:11:27 0 [Note] InnoDB: Removed temporary tablespace data file: "ibtmp1"
2019-10-11 12:11:27 0 [Note] InnoDB: Creating shared tablespace for temporary tables
2019-10-11 12:11:27 0 [Note] InnoDB: Setting file 'C:\xampp\mysql\data\ibtmp1' size to 12 MB. Physically writing the file full; Please wait ...
2019-10-11 12:11:27 0 [Note] InnoDB: File 'C:\xampp\mysql\data\ibtmp1' size is now 12 MB.
2019-10-11 12:11:27 0 [Note] InnoDB: Waiting for purge to start
2019-10-11 12:11:27 0 [Note] InnoDB: 10.4.6 started; log sequence number 1729636; transaction id 1130
2019-10-11 12:11:27 0 [Note] InnoDB: Loading buffer pool(s) from C:\xampp\mysql\data\ib_buffer_pool
2019-10-11 12:11:27 0 [Note] Plugin 'FEEDBACK' is disabled.
2019-10-11 12:11:27 0 [Note] Server socket created on IP: '::'.
InnoDB: using atomic writes.
2019-10-11 13:03:17 0 [Note] InnoDB: Mutexes and rw_locks use Windows interlocked functions
2019-10-11 13:03:17 0 [Note] InnoDB: Uses event mutexes
2019-10-11 13:03:17 0 [Note] InnoDB: Compressed tables use zlib 1.2.11
2019-10-11 13:03:17 0 [Note] InnoDB: Number of pools: 1
2019-10-11 13:03:17 0 [Note] InnoDB: Using SSE2 crc32 instructions
2019-10-11 13:03:17 0 [Note] InnoDB: Initializing buffer pool, total size = 16M, instances = 1, chunk size = 16M
2019-10-11 13:03:17 0 [Note] InnoDB: Completed initialization of buffer pool
2019-10-11 13:03:17 0 [Note] InnoDB: Starting crash recovery from checkpoint LSN=1730256
2019-10-11 13:03:18 0 [Note] InnoDB: 128 out of 128 rollback segments are active.
2019-10-11 13:03:18 0 [Note] InnoDB: Removed temporary tablespace data file: "ibtmp1"
2019-10-11 13:03:18 0 [Note] InnoDB: Creating shared tablespace for temporary tables
2019-10-11 13:03:18 0 [Note] InnoDB: Setting file 'C:\xampp\mysql\data\ibtmp1' size to 12 MB. Physically writing the file full; Please wait ...
2019-10-11 13:03:18 0 [Note] InnoDB: File 'C:\xampp\mysql\data\ibtmp1' size is now 12 MB.
2019-10-11 13:03:18 0 [Note] InnoDB: Waiting for purge to start
2019-10-11 13:03:18 0 [Note] InnoDB: 10.4.6 started; log sequence number 1730265; transaction id 1148
2019-10-11 13:03:18 0 [Note] InnoDB: Loading buffer pool(s) from C:\xampp\mysql\data\ib_buffer_pool
2019-10-11 13:03:18 0 [Note] Plugin 'FEEDBACK' is disabled.
2019-10-11 13:03:18 0 [Note] Server socket created on IP: '::'.
InnoDB: using atomic writes.
2019-10-11 20:43:18 0 [Note] InnoDB: Mutexes and rw_locks use Windows interlocked functions
2019-10-11 20:43:18 0 [Note] InnoDB: Uses event mutexes
2019-10-11 20:43:18 0 [Note] InnoDB: Compressed tables use zlib 1.2.11
2019-10-11 20:43:18 0 [Note] InnoDB: Number of pools: 1
2019-10-11 20:43:18 0 [Note] InnoDB: Using SSE2 crc32 instructions
2019-10-11 20:43:18 0 [Note] InnoDB: Initializing buffer pool, total size = 16M, instances = 1, chunk size = 16M
2019-10-11 20:43:18 0 [Note] InnoDB: Completed initialization of buffer pool
2019-10-11 20:43:18 0 [Note] InnoDB: Starting crash recovery from checkpoint LSN=1778563
2019-10-11 20:43:19 0 [Note] InnoDB: 128 out of 128 rollback segments are active.
2019-10-11 20:43:19 0 [Note] InnoDB: Removed temporary tablespace data file: "ibtmp1"
2019-10-11 20:43:19 0 [Note] InnoDB: Creating shared tablespace for temporary tables
2019-10-11 20:43:19 0 [Note] InnoDB: Setting file 'C:\xampp\mysql\data\ibtmp1' size to 12 MB. Physically writing the file full; Please wait ...
2019-10-11 20:43:19 0 [Note] InnoDB: File 'C:\xampp\mysql\data\ibtmp1' size is now 12 MB.
2019-10-11 20:43:19 0 [Note] InnoDB: Waiting for purge to start
2019-10-11 20:43:19 0 [Note] InnoDB: 10.4.6 started; log sequence number 1778572; transaction id 1345
2019-10-11 20:43:19 0 [Note] InnoDB: Loading buffer pool(s) from C:\xampp\mysql\data\ib_buffer_pool
2019-10-11 20:43:19 0 [Note] Plugin 'FEEDBACK' is disabled.
2019-10-11 20:43:19 0 [Note] Server socket created on IP: '::'.
InnoDB: using atomic writes.
2019-10-12 20:35:19 0 [Note] InnoDB: Mutexes and rw_locks use Windows interlocked functions
2019-10-12 20:35:19 0 [Note] InnoDB: Uses event mutexes
2019-10-12 20:35:19 0 [Note] InnoDB: Compressed tables use zlib 1.2.11
2019-10-12 20:35:19 0 [Note] InnoDB: Number of pools: 1
2019-10-12 20:35:19 0 [Note] InnoDB: Using SSE2 crc32 instructions
2019-10-12 20:35:19 0 [Note] InnoDB: Initializing buffer pool, total size = 16M, instances = 1, chunk size = 16M
2019-10-12 20:35:19 0 [Note] InnoDB: Completed initialization of buffer pool
2019-10-12 20:35:19 0 [Note] InnoDB: Starting crash recovery from checkpoint LSN=1785679
2019-10-12 20:35:19 0 [Note] InnoDB: 128 out of 128 rollback segments are active.
2019-10-12 20:35:19 0 [Note] InnoDB: Removed temporary tablespace data file: "ibtmp1"
2019-10-12 20:35:19 0 [Note] InnoDB: Creating shared tablespace for temporary tables
2019-10-12 20:35:19 0 [Note] InnoDB: Setting file 'C:\xampp\mysql\data\ibtmp1' size to 12 MB. Physically writing the file full; Please wait ...
2019-10-12 20:35:19 0 [Note] InnoDB: File 'C:\xampp\mysql\data\ibtmp1' size is now 12 MB.
2019-10-12 20:35:19 0 [Note] InnoDB: Waiting for purge to start
2019-10-12 20:35:19 0 [Note] InnoDB: 10.4.6 started; log sequence number 1785688; transaction id 1386
2019-10-12 20:35:19 0 [Note] InnoDB: Loading buffer pool(s) from C:\xampp\mysql\data\ib_buffer_pool
2019-10-12 20:35:19 0 [Note] Plugin 'FEEDBACK' is disabled.
2019-10-12 20:35:19 0 [Note] Server socket created on IP: '::'.
InnoDB: using atomic writes.
2019-10-12 22:53:17 0 [Note] InnoDB: Mutexes and rw_locks use Windows interlocked functions
2019-10-12 22:53:17 0 [Note] InnoDB: Uses event mutexes
2019-10-12 22:53:17 0 [Note] InnoDB: Compressed tables use zlib 1.2.11
2019-10-12 22:53:17 0 [Note] InnoDB: Number of pools: 1
2019-10-12 22:53:17 0 [Note] InnoDB: Using SSE2 crc32 instructions
2019-10-12 22:53:17 0 [Note] InnoDB: Initializing buffer pool, total size = 16M, instances = 1, chunk size = 16M
2019-10-12 22:53:17 0 [Note] InnoDB: Completed initialization of buffer pool
2019-10-12 22:53:17 0 [Note] InnoDB: Starting crash recovery from checkpoint LSN=1793732
2019-10-12 22:53:18 0 [Note] InnoDB: 128 out of 128 rollback segments are active.
2019-10-12 22:53:18 0 [Note] InnoDB: Removed temporary tablespace data file: "ibtmp1"
2019-10-12 22:53:18 0 [Note] InnoDB: Creating shared tablespace for temporary tables
2019-10-12 22:53:18 0 [Note] InnoDB: Setting file 'C:\xampp\mysql\data\ibtmp1' size to 12 MB. Physically writing the file full; Please wait ...
2019-10-12 22:53:18 0 [Note] InnoDB: File 'C:\xampp\mysql\data\ibtmp1' size is now 12 MB.
2019-10-12 22:53:18 0 [Note] InnoDB: Waiting for purge to start
2019-10-12 22:53:18 0 [Note] InnoDB: 10.4.6 started; log sequence number 1793741; transaction id 1422
2019-10-12 22:53:18 0 [Note] InnoDB: Loading buffer pool(s) from C:\xampp\mysql\data\ib_buffer_pool
2019-10-12 22:53:18 0 [Note] Plugin 'FEEDBACK' is disabled.
2019-10-12 22:53:18 0 [Note] Server socket created on IP: '::'.
InnoDB: using atomic writes.
2019-10-14  8:53:18 0 [Note] InnoDB: Mutexes and rw_locks use Windows interlocked functions
2019-10-14  8:53:18 0 [Note] InnoDB: Uses event mutexes
2019-10-14  8:53:18 0 [Note] InnoDB: Compressed tables use zlib 1.2.11
2019-10-14  8:53:18 0 [Note] InnoDB: Number of pools: 1
2019-10-14  8:53:18 0 [Note] InnoDB: Using SSE2 crc32 instructions
2019-10-14  8:53:18 0 [Note] InnoDB: Initializing buffer pool, total size = 16M, instances = 1, chunk size = 16M
2019-10-14  8:53:18 0 [Note] InnoDB: Completed initialization of buffer pool
2019-10-14  8:53:19 0 [Note] InnoDB: Starting crash recovery from checkpoint LSN=1822226
2019-10-14  8:53:19 0 [Note] InnoDB: 128 out of 128 rollback segments are active.
2019-10-14  8:53:19 0 [Note] InnoDB: Removed temporary tablespace data file: "ibtmp1"
2019-10-14  8:53:19 0 [Note] InnoDB: Creating shared tablespace for temporary tables
2019-10-14  8:53:19 0 [Note] InnoDB: Setting file 'C:\xampp\mysql\data\ibtmp1' size to 12 MB. Physically writing the file full; Please wait ...
2019-10-14  8:53:19 0 [Note] InnoDB: File 'C:\xampp\mysql\data\ibtmp1' size is now 12 MB.
2019-10-14  8:53:19 0 [Note] InnoDB: Waiting for purge to start
2019-10-14  8:53:19 0 [Note] InnoDB: 10.4.6 started; log sequence number 1822235; transaction id 1542
2019-10-14  8:53:19 0 [Note] InnoDB: Loading buffer pool(s) from C:\xampp\mysql\data\ib_buffer_pool
2019-10-14  8:53:19 0 [Note] Plugin 'FEEDBACK' is disabled.
2019-10-14  8:53:19 0 [Note] Server socket created on IP: '::'.
